<?xml version="1.0" encoding="UTF-8"?>
<TestRun id="5b58d10a-86b5-4ffd-bcc0-4a72ee81aff7" name="Will@DESKTOP-N7SNA93 2017-12-07 14:51:26" runUser="DESKTOP-N7SNA93\Will" xmlns="http://microsoft.com/schemas/VisualStudio/TeamTest/2010">
  <TestSettings name="Local" id="c26c4fe4-95be-438d-828e-1af05134b13f">
    <Description>These are default test settings for a local test run.</Description>
    <Execution>
      <TestTypeSpecific />
      <AgentRule name="Execution Agents">
      </AgentRule>
    </Execution>
    <Deployment runDeploymentRoot="Will_DESKTOP-N7SNA93 2017-12-07 14_51_26" />
    <Properties>
      <Property name="TestSettingsUIType" value="LoadTest" />
    </Properties>
  </TestSettings>
  <Times creation="2017-12-07T14:51:26.1801906+00:00" queuing="2017-12-07T14:51:26.7192542+00:00" start="2017-12-07T14:51:26.8172657+00:00" finish="2017-12-07T14:51:29.1775484+00:00" />
  <ResultSummary outcome="Completed">
    <Counters total="1" error="0" failed="0" timeout="0" aborted="0" inconclusive="0" passedButRunAborted="0" notRunnable="0" notExecuted="0" disconnected="0" warning="0" passed="0" completed="0" inProgress="0" pending="0" />
  </ResultSummary>
  <TestDefinitions>
    <WebTest name="WebTest2" storage="c:\users\will\documents\github\messagingservice\messagingmicroservice\webandloadtestmessagingservice\webtest2.webtest" id="327d0e83-4bc8-4d79-b50a-2b33dea8c973" persistedWebTest="77u/PD94bWwgdmVyc2lvbj0iMS4wIiBlbmNvZGluZz0iVVRGLTgiIHN0YW5kYWxvbmU9InllcyI/Pg0KPFdlYlRlc3QgTmFtZT0iV2ViVGVzdDIiIElkPSIzMjdkMGU4My00YmM4LTRkNzktYjUwYS0yYjMzZGVhOGM5NzMiIE93bmVyPSIiIFByaW9yaXR5PSIyMTQ3NDgzNjQ3IiBFbmFibGVkPSJUcnVlIiBDc3NQcm9qZWN0U3RydWN0dXJlPSIiIENzc0l0ZXJhdGlvbj0iIiBUaW1lb3V0PSIwIiBXb3JrSXRlbUlkcz0iIiB4bWxucz0iaHR0cDovL21pY3Jvc29mdC5jb20vc2NoZW1hcy9WaXN1YWxTdHVkaW8vVGVhbVRlc3QvMjAxMCIgRGVzY3JpcHRpb249IiIgQ3JlZGVudGlhbFVzZXJOYW1lPSIiIENyZWRlbnRpYWxQYXNzd29yZD0iIiBQcmVBdXRoZW50aWNhdGU9IlRydWUiIFByb3h5PSJkZWZhdWx0IiBTdG9wT25FcnJvcj0iRmFsc2UiIFJlY29yZGVkUmVzdWx0RmlsZT0iV2ViVGVzdDIuMDg2NDI0NTktZGRkYy00MWE2LWIyNWEtZDAzNjZlOWZiYjQzLnJlYy53ZWJ0ZXN0cmVzdWx0IiBSZXN1bHRzTG9jYWxlPSIiPg0KICA8SXRlbXM+DQogICAgPFJlcXVlc3QgTWV0aG9kPSJHRVQiIEd1aWQ9IjgzNGQxYTZhLTgxMzQtNGI5YS04ZmM1LTJkODkwZTk4MTBkZSIgVmVyc2lvbj0iMS4xIiBVcmw9Imh0dHA6Ly9sb2NhbGhvc3Q6NTAxNDMvIiBUaGlua1RpbWU9IjciIFRpbWVvdXQ9IjMwMCIgUGFyc2VEZXBlbmRlbnRSZXF1ZXN0cz0iVHJ1ZSIgRm9sbG93UmVkaXJlY3RzPSJUcnVlIiBSZWNvcmRSZXN1bHQ9IlRydWUiIENhY2hlPSJGYWxzZSIgUmVzcG9uc2VUaW1lR29hbD0iMCIgRW5jb2Rpbmc9InV0Zi04IiBFeHBlY3RlZEh0dHBTdGF0dXNDb2RlPSIwIiBFeHBlY3RlZFJlc3BvbnNlVXJsPSIiIFJlcG9ydGluZ05hbWU9IiIgSWdub3JlSHR0cFN0YXR1c0NvZGU9IkZhbHNlIiAvPg0KICAgIDxSZXF1ZXN0IE1ldGhvZD0iR0VUIiBHdWlkPSJmOTU1MGU0OC00N2ZhLTQwNDgtYjA2YS03YjViZTFmOTViNmEiIFZlcnNpb249IjEuMSIgVXJsPSJodHRwOi8vbG9jYWxob3N0OjUwMTQzL01lc3NhZ2VzTVZDL015TWVzc2FnZXMvMSIgVGhpbmtUaW1lPSI1IiBUaW1lb3V0PSIzMDAiIFBhcnNlRGVwZW5kZW50UmVxdWVzdHM9IlRydWUiIEZvbGxvd1JlZGlyZWN0cz0iVHJ1ZSIgUmVjb3JkUmVzdWx0PSJUcnVlIiBDYWNoZT0iRmFsc2UiIFJlc3BvbnNlVGltZUdvYWw9IjAiIEVuY29kaW5nPSJ1dGYtOCIgRXhwZWN0ZWRIdHRwU3RhdHVzQ29kZT0iMCIgRXhwZWN0ZWRSZXNwb25zZVVybD0iIiBSZXBvcnRpbmdOYW1lPSIiIElnbm9yZUh0dHBTdGF0dXNDb2RlPSJGYWxzZSIgLz4NCiAgICA8UmVxdWVzdCBNZXRob2Q9IkdFVCIgR3VpZD0iOWE1MmY5M2QtODAzZi00YzQxLTgxNTktOGQwNzJlYWI2YTdlIiBWZXJzaW9uPSIxLjEiIFVybD0iaHR0cDovL2xvY2FsaG9zdDo1MDE0My9NZXNzYWdlc01WQy9TZW5kLzEiIFRoaW5rVGltZT0iMTEiIFRpbWVvdXQ9IjMwMCIgUGFyc2VEZXBlbmRlbnRSZXF1ZXN0cz0iVHJ1ZSIgRm9sbG93UmVkaXJlY3RzPSJUcnVlIiBSZWNvcmRSZXN1bHQ9IlRydWUiIENhY2hlPSJGYWxzZSIgUmVzcG9uc2VUaW1lR29hbD0iMCIgRW5jb2Rpbmc9InV0Zi04IiBFeHBlY3RlZEh0dHBTdGF0dXNDb2RlPSIwIiBFeHBlY3RlZFJlc3BvbnNlVXJsPSIiIFJlcG9ydGluZ05hbWU9IiIgSWdub3JlSHR0cFN0YXR1c0NvZGU9IkZhbHNlIj4NCiAgICAgIDxFeHRyYWN0aW9uUnVsZXM+DQogICAgICAgIDxFeHRyYWN0aW9uUnVsZSBDbGFzc25hbWU9Ik1pY3Jvc29mdC5WaXN1YWxTdHVkaW8uVGVzdFRvb2xzLldlYlRlc3RpbmcuUnVsZXMuRXh0cmFjdEhpZGRlbkZpZWxkcywgTWljcm9zb2Z0LlZpc3VhbFN0dWRpby5RdWFsaXR5VG9vbHMuV2ViVGVzdEZyYW1ld29yaywgVmVyc2lvbj0xMC4wLjAuMCwgQ3VsdHVyZT1uZXV0cmFsLCBQdWJsaWNLZXlUb2tlbj1iMDNmNWY3ZjExZDUwYTNhIiBWYXJpYWJsZU5hbWU9IjEiIERpc3BsYXlOYW1lPSJFeHRyYWN0IEhpZGRlbiBGaWVsZHMiIERlc2NyaXB0aW9uPSJFeHRyYWN0IGFsbCBoaWRkZW4gZmllbGRzIGZyb20gdGhlIHJlc3BvbnNlIGFuZCBwbGFjZSB0aGVtIGludG8gdGhlIHRlc3QgY29udGV4dC4iPg0KICAgICAgICAgIDxSdWxlUGFyYW1ldGVycz4NCiAgICAgICAgICAgIDxSdWxlUGFyYW1ldGVyIE5hbWU9IlJlcXVpcmVkIiBWYWx1ZT0iVHJ1ZSIgLz4NCiAgICAgICAgICAgIDxSdWxlUGFyYW1ldGVyIE5hbWU9Ikh0bWxEZWNvZGUiIFZhbHVlPSJUcnVlIiAvPg0KICAgICAgICAgIDwvUnVsZVBhcmFtZXRlcnM+DQogICAgICAgIDwvRXh0cmFjdGlvblJ1bGU+DQogICAgICA8L0V4dHJhY3Rpb25SdWxlcz4NCiAgICA8L1JlcXVlc3Q+DQogICAgPFJlcXVlc3QgTWV0aG9kPSJQT1NUIiBHdWlkPSJhZTJhMjM3NS01ODQ1LTQyMmEtODdiMS05OGVkNWUxNDczODMiIFZlcnNpb249IjEuMSIgVXJsPSJodHRwOi8vbG9jYWxob3N0OjUwMTQzL01lc3NhZ2VzTVZDL1NlbmQvMSIgVGhpbmtUaW1lPSI5IiBUaW1lb3V0PSIzMDAiIFBhcnNlRGVwZW5kZW50UmVxdWVzdHM9IlRydWUiIEZvbGxvd1JlZGlyZWN0cz0iVHJ1ZSIgUmVjb3JkUmVzdWx0PSJUcnVlIiBDYWNoZT0iRmFsc2UiIFJlc3BvbnNlVGltZUdvYWw9IjAiIEVuY29kaW5nPSJ1dGYtOCIgRXhwZWN0ZWRIdHRwU3RhdHVzQ29kZT0iMCIgRXhwZWN0ZWRSZXNwb25zZVVybD0iIiBSZXBvcnRpbmdOYW1lPSIiIElnbm9yZUh0dHBTdGF0dXNDb2RlPSJGYWxzZSI+DQogICAgICA8SGVhZGVycz4NCiAgICAgICAgPEhlYWRlciBOYW1lPSJSZWZlcmVyIiBWYWx1ZT0iaHR0cDovL2xvY2FsaG9zdDo1MDE0My9NZXNzYWdlc01WQy9TZW5kLzEiIC8+DQogICAgICA8L0hlYWRlcnM+DQogICAgICA8Rm9ybVBvc3RIdHRwQm9keT4NCiAgICAgICAgPEZvcm1Qb3N0UGFyYW1ldGVyIE5hbWU9Ik1lc3NhZ2VJRCIgVmFsdWU9Int7JEhJRERFTjEuTWVzc2FnZUlEfX0iIFJlY29yZGVkVmFsdWU9IjAiIENvcnJlbGF0aW9uQmluZGluZz0iIiBVcmxFbmNvZGU9IlRydWUiIC8+DQogICAgICAgIDxGb3JtUG9zdFBhcmFtZXRlciBOYW1lPSJEYXRlU2VudCIgVmFsdWU9Int7JEhJRERFTjEuRGF0ZVNlbnR9fSIgUmVjb3JkZWRWYWx1ZT0iMDcvMTIvMjAxNyAwMDowMDowMCIgQ29ycmVsYXRpb25CaW5kaW5nPSIiIFVybEVuY29kZT0iVHJ1ZSIgLz4NCiAgICAgICAgPEZvcm1Qb3N0UGFyYW1ldGVyIE5hbWU9IlNlbmRlclVzZXJJRCIgVmFsdWU9Int7JEhJRERFTjEuU2VuZGVyVXNlcklEfX0iIFJlY29yZGVkVmFsdWU9IjEiIENvcnJlbGF0aW9uQmluZGluZz0iIiBVcmxFbmNvZGU9IlRydWUiIC8+DQogICAgICAgIDxGb3JtUG9zdFBhcmFtZXRlciBOYW1lPSJSZWNlaXZlclVzZXJJRCIgVmFsdWU9Int7JEhJRERFTjEuUmVjZWl2ZXJVc2VySUR9fSIgUmVjb3JkZWRWYWx1ZT0iMSIgQ29ycmVsYXRpb25CaW5kaW5nPSIiIFVybEVuY29kZT0iVHJ1ZSIgLz4NCiAgICAgICAgPEZvcm1Qb3N0UGFyYW1ldGVyIE5hbWU9IlRpdGxlIiBWYWx1ZT0iVGVzdCBNRXNzYWdlIiBSZWNvcmRlZFZhbHVlPSJUZXN0IE1Fc3NhZ2UiIENvcnJlbGF0aW9uQmluZGluZz0iIiBVcmxFbmNvZGU9IlRydWUiIC8+DQogICAgICAgIDxGb3JtUG9zdFBhcmFtZXRlciBOYW1lPSJNZXNzYWdlQ29udGVudCIgVmFsdWU9IlNlbmQgTUVzc2FnZSIgUmVjb3JkZWRWYWx1ZT0iU2VuZCBNRXNzYWdlIiBDb3JyZWxhdGlvbkJpbmRpbmc9IiIgVXJsRW5jb2RlPSJUcnVlIiAvPg0KICAgICAgICA8Rm9ybVBvc3RQYXJhbWV0ZXIgTmFtZT0iX19SZXF1ZXN0VmVyaWZpY2F0aW9uVG9rZW4iIFZhbHVlPSJ7eyRISURERU4xLl9fUmVxdWVzdFZlcmlmaWNhdGlvblRva2VufX0iIFJlY29yZGVkVmFsdWU9IkNmREo4RGpwOUhRand3UkhoY2lzdTZsOUYyQ1B0Wm0xRHdoMnQ4Smt2M1NyN29WVGg3MXRBWVRvd3dueXFHRDNuMUNCSFFKVF9RQXEzNjlDQkp0aVlwN2FJTUt2aEgyU25YdVdCcVU1aWNrRFBNbW9NdVdUOHpEOEhlU1JYcl9kdlh0QlJJUGIteWQ3SlZnd2xoTVJfTjBDUGpteWM0NmlGNUh2WW82eUtuQ0R4NVdweGRlbmp3Sng3d3ZxRGNQRE9BNXhZQSIgQ29ycmVsYXRpb25CaW5kaW5nPSIiIFVybEVuY29kZT0iVHJ1ZSIgLz4NCiAgICAgIDwvRm9ybVBvc3RIdHRwQm9keT4NCiAgICA8L1JlcXVlc3Q+DQogICAgPFJlcXVlc3QgTWV0aG9kPSJHRVQiIEd1aWQ9Ijc3MjQ4ZTI3LWFmNjItNGFlMS04YmNhLTczMWI5NDc3NmE0NyIgVmVyc2lvbj0iMS4xIiBVcmw9Imh0dHA6Ly9sb2NhbGhvc3Q6NTAxNDMvTWVzc2FnZXNNVkMvTXlNZXNzYWdlcy8xIiBUaGlua1RpbWU9IjAiIFRpbWVvdXQ9IjMwMCIgUGFyc2VEZXBlbmRlbnRSZXF1ZXN0cz0iVHJ1ZSIgRm9sbG93UmVkaXJlY3RzPSJUcnVlIiBSZWNvcmRSZXN1bHQ9IlRydWUiIENhY2hlPSJGYWxzZSIgUmVzcG9uc2VUaW1lR29hbD0iMCIgRW5jb2Rpbmc9InV0Zi04IiBFeHBlY3RlZEh0dHBTdGF0dXNDb2RlPSIwIiBFeHBlY3RlZFJlc3BvbnNlVXJsPSIiIFJlcG9ydGluZ05hbWU9IiIgSWdub3JlSHR0cFN0YXR1c0NvZGU9IkZhbHNlIiAvPg0KICA8L0l0ZW1zPg0KICA8VmFsaWRhdGlvblJ1bGVzPg0KICAgIDxWYWxpZGF0aW9uUnVsZSBDbGFzc25hbWU9Ik1pY3Jvc29mdC5WaXN1YWxTdHVkaW8uVGVzdFRvb2xzLldlYlRlc3RpbmcuUnVsZXMuVmFsaWRhdGVSZXNwb25zZVVybCwgTWljcm9zb2Z0LlZpc3VhbFN0dWRpby5RdWFsaXR5VG9vbHMuV2ViVGVzdEZyYW1ld29yaywgVmVyc2lvbj0xMC4wLjAuMCwgQ3VsdHVyZT1uZXV0cmFsLCBQdWJsaWNLZXlUb2tlbj1iMDNmNWY3ZjExZDUwYTNhIiBEaXNwbGF5TmFtZT0iUmVzcG9uc2UgVVJMIiBEZXNjcmlwdGlvbj0iVmFsaWRhdGVzIHRoYXQgdGhlIHJlc3BvbnNlIFVSTCBhZnRlciByZWRpcmVjdHMgYXJlIGZvbGxvd2VkIGlzIHRoZSBzYW1lIGFzIHRoZSByZWNvcmRlZCByZXNwb25zZSBVUkwuICBRdWVyeVN0cmluZyBwYXJhbWV0ZXJzIGFyZSBpZ25vcmVkLiIgTGV2ZWw9IkxvdyIgRXhlY3R1aW9uT3JkZXI9IkJlZm9yZURlcGVuZGVudHMiIC8+DQogICAgPFZhbGlkYXRpb25SdWxlIENsYXNzbmFtZT0iTWljcm9zb2Z0LlZpc3VhbFN0dWRpby5UZXN0VG9vbHMuV2ViVGVzdGluZy5SdWxlcy5WYWxpZGF0aW9uUnVsZVJlc3BvbnNlVGltZUdvYWwsIE1pY3Jvc29mdC5WaXN1YWxTdHVkaW8uUXVhbGl0eVRvb2xzLldlYlRlc3RGcmFtZXdvcmssIFZlcnNpb249MTAuMC4wLjAsIEN1bHR1cmU9bmV1dHJhbCwgUHVibGljS2V5VG9rZW49YjAzZjVmN2YxMWQ1MGEzYSIgRGlzcGxheU5hbWU9IlJlc3BvbnNlIFRpbWUgR29hbCIgRGVzY3JpcHRpb249IlZhbGlkYXRlcyB0aGF0IHRoZSByZXNwb25zZSB0aW1lIGZvciB0aGUgcmVxdWVzdCBpcyBsZXNzIHRoYW4gb3IgZXF1YWwgdG8gdGhlIHJlc3BvbnNlIHRpbWUgZ29hbCBhcyBzcGVjaWZpZWQgb24gdGhlIHJlcXVlc3QuICBSZXNwb25zZSB0aW1lIGdvYWxzIG9mIHplcm8gd2lsbCBiZSBpZ25vcmVkLiIgTGV2ZWw9IkxvdyIgRXhlY3R1aW9uT3JkZXI9IkFmdGVyRGVwZW5kZW50cyI+DQogICAgICA8UnVsZVBhcmFtZXRlcnM+DQogICAgICAgIDxSdWxlUGFyYW1ldGVyIE5hbWU9IlRvbGVyYW5jZSIgVmFsdWU9IjAiIC8+DQogICAgICA8L1J1bGVQYXJhbWV0ZXJzPg0KICAgIDwvVmFsaWRhdGlvblJ1bGU+DQogIDwvVmFsaWRhdGlvblJ1bGVzPg0KPC9XZWJUZXN0Pg==">
      <Execution id="4b194ea0-637b-4214-9afb-f64873a03868" />
    </WebTest>
  </TestDefinitions>
  <TestLists>
    <TestList name="Results Not in a List" id="8c84fa94-04c1-424b-9868-57a2d4851a1d" />
    <TestList name="All Loaded Results" id="19431567-8539-422a-85d7-44ee4e166bda" />
  </TestLists>
  <TestEntries>
    <TestEntry isTransparent="false" testId="327d0e83-4bc8-4d79-b50a-2b33dea8c973" executionId="4b194ea0-637b-4214-9afb-f64873a03868" testListId="8c84fa94-04c1-424b-9868-57a2d4851a1d" />
  </TestEntries>
  <Results>
    <WebTestResult executionId="4b194ea0-637b-4214-9afb-f64873a03868" testId="327d0e83-4bc8-4d79-b50a-2b33dea8c973" testName="WebTest2" computerName="DESKTOP-N7SNA93" duration="00:00:01.2036425" startTime="2017-12-07T14:51:26.9707848+00:00" testType="4e7599fa-5ecb-43e9-a887-cd63cf72d207" testListId="8c84fa94-04c1-424b-9868-57a2d4851a1d" relativeResultsDirectory="4b194ea0-637b-4214-9afb-f64873a03868">
      <Output>
        <ErrorInfo>
          <Message>The test adapter 'WebTestAdapter' threw an exception while running test 'WebTest2'. Thread was being aborted.</Message>
        </ErrorInfo>
      </Output>
      <ResultFiles>
        <ResultFile path="WebTest2.webtestResult" />
      </ResultFiles>
      <TestSettings name="Local" id="c26c4fe4-95be-438d-828e-1af05134b13f">
        <Description>These are default test settings for a local test run.</Description>
        <Execution>
          <TestTypeSpecific>
            <WebTestRunConfiguration testTypeId="4e7599fa-5ecb-43e9-a887-cd63cf72d207">
              <Browser name="Internet Explorer 9.0" MaxConnections="6">
                <Headers>
                  <Header name="User-Agent" value="Mozilla/5.0 (compatible; MSIE 9.0; Windows NT 6.1; Trident/5.0)" />
                  <Header name="Accept" value="*/*" />
                  <Header name="Accept-Language" value="{{$IEAcceptLanguage}}" />
                  <Header name="Accept-Encoding" value="GZIP" />
                </Headers>
              </Browser>
            </WebTestRunConfiguration>
          </TestTypeSpecific>
          <AgentRule name="Execution Agents">
          </AgentRule>
        </Execution>
        <Deployment runDeploymentRoot="Will_DESKTOP-N7SNA93 2017-12-07 14_51_26" />
        <Properties>
          <Property name="TestSettingsUIType" value="LoadTest" />
        </Properties>
      </TestSettings>
      <WebTestResultFilePath>Will_DESKTOP-N7SNA93 2017-12-07 14_51_26\In\4b194ea0-637b-4214-9afb-f64873a03868\WebTest2.webtestResult</WebTestResultFilePath>
    </WebTestResult>
  </Results>
</TestRun>